<?xml version="1.0" encoding="UTF-8"?>
<testng-results ignored="0" total="1" passed="1" failed="0" skipped="0">
  <reporter-output>
  </reporter-output>
  <suite started-at="2025-01-20T15:15:42 IST" name="Default suite" finished-at="2025-01-20T15:15:55 IST" duration-ms="12579">
    <groups>
    </groups>
    <test started-at="2025-01-20T15:15:42 IST" name="Default test" finished-at="2025-01-20T15:15:55 IST" duration-ms="12579">
      <class name="com.test.Appium_learn.AppiumBasics">
        <test-method signature="appiumBasics()[pri:0, instance:com.test.Appium_learn.AppiumBasics@5677323c]" started-at="2025-01-20T15:15:42 IST" name="appiumBasics" finished-at="2025-01-20T15:15:55 IST" duration-ms="12506" status="PASS">
          <reporter-output>
          </reporter-output>
        </test-method> <!-- appiumBasics -->
      </class> <!-- com.test.Appium_learn.AppiumBasics -->
    </test> <!-- Default test -->
  </suite> <!-- Default suite -->
</testng-results>
